<?xml version="1.0" encoding="UTF-8"?>
<!-- Generated by org.testng.reporters.JUnitReportReporter -->
<testsuite skipped="0" hostname="DESKTOP-PRIYANKA" name="GoogleTest.TC_001" tests="2" failures="0" timestamp="25 Nov 2019 02:03:23 GMT" time="26.268" errors="0">
  <testcase name="Test_1" time="10.927" classname="GoogleTest.TC_001"/>
  <testcase name="Test_2" time="15.341" classname="GoogleTest.TC_001"/>
</testsuite> <!-- GoogleTest.TC_001 -->
